\BOOKMARK [1][-]{section.1}{\376\377\000T\000h\000e\000o\000r\000y}{}% 1
\BOOKMARK [2][-]{subsection.1.1}{\376\377\000Q\0001}{section.1}% 2
\BOOKMARK [2][-]{subsection.1.2}{\376\377\000Q\0002}{section.1}% 3
\BOOKMARK [2][-]{subsection.1.3}{\376\377\000Q\0003}{section.1}% 4
\BOOKMARK [2][-]{subsection.1.4}{\376\377\000Q\0004}{section.1}% 5
\BOOKMARK [2][-]{subsection.1.5}{\376\377\000Q\0005}{section.1}% 6
\BOOKMARK [2][-]{subsection.1.6}{\376\377\000Q\0006}{section.1}% 7
\BOOKMARK [1][-]{section.2}{\376\377\000I\000m\000p\000l\000e\000m\000e\000n\000t\000a\000t\000i\000o\000n\000\040\000a\000n\000d\000\040\000E\000v\000a\000l\000u\000a\000t\000i\000o\000n}{}% 8
\BOOKMARK [2][-]{subsection.2.1}{\376\377\000Q\0001}{section.2}% 9
\BOOKMARK [2][-]{subsection.2.2}{\376\377\000Q\0002}{section.2}% 10
\BOOKMARK [2][-]{subsection.2.3}{\376\377\000Q\0003}{section.2}% 11
\BOOKMARK [2][-]{subsection.2.4}{\376\377\000Q\0004}{section.2}% 12
\BOOKMARK [3][-]{subsubsection.2.4.1}{\376\377\000P\000l\000o\000t}{subsection.2.4}% 13
\BOOKMARK [3][-]{subsubsection.2.4.2}{\376\377\000M\000e\000t\000r\000i\000c\000s}{subsection.2.4}% 14
\BOOKMARK [1][-]{section.3}{\376\377\000D\000i\000s\000c\000u\000s\000s\000i\000o\000n}{}% 15
\BOOKMARK [2][-]{subsection.3.1}{\376\377\000Q\0001}{section.3}% 16
\BOOKMARK [2][-]{subsection.3.2}{\376\377\000Q\0002}{section.3}% 17
\BOOKMARK [3][-]{subsubsection.3.2.1}{\376\377\000x}{subsection.3.2}% 18
\BOOKMARK [3][-]{subsubsection.3.2.2}{\376\377\000y}{subsection.3.2}% 19
\BOOKMARK [3][-]{subsubsection.3.2.3}{}{subsection.3.2}% 20
\BOOKMARK [3][-]{subsubsection.3.2.4}{}{subsection.3.2}% 21
\BOOKMARK [3][-]{subsubsection.3.2.5}{\376\377\000r}{subsection.3.2}% 22
\BOOKMARK [3][-]{subsubsection.3.2.6}{\376\377\000O\000b\000s\000e\000r\000v\000a\000t\000i\000o\000n\000s}{subsection.3.2}% 23
\BOOKMARK [2][-]{subsection.3.3}{\376\377\000Q\0003}{section.3}% 24
