\BOOKMARK [1][-]{section.1}{Linear SLAM}{}% 1
\BOOKMARK [2][-]{subsection.1.1}{Odometry}{section.1}% 2
\BOOKMARK [3][-]{subsubsection.1.1.1}{Measurement Function}{subsection.1.1}% 3
\BOOKMARK [3][-]{subsubsection.1.1.2}{Jacobian}{subsection.1.1}% 4
\BOOKMARK [2][-]{subsection.1.2}{Landmark}{section.1}% 5
\BOOKMARK [3][-]{subsubsection.1.2.1}{Jacobian}{subsection.1.2}% 6
\BOOKMARK [2][-]{subsection.1.3}{Results for 2d\137linear.npz}{section.1}% 7
\BOOKMARK [3][-]{subsubsection.1.3.1}{default}{subsection.1.3}% 8
\BOOKMARK [3][-]{subsubsection.1.3.2}{pinv}{subsection.1.3}% 9
\BOOKMARK [3][-]{subsubsection.1.3.3}{lu}{subsection.1.3}% 10
\BOOKMARK [3][-]{subsubsection.1.3.4}{qr}{subsection.1.3}% 11
\BOOKMARK [3][-]{subsubsection.1.3.5}{lu\137colamd}{subsection.1.3}% 12
\BOOKMARK [3][-]{subsubsection.1.3.6}{qr\137colamd}{subsection.1.3}% 13
\BOOKMARK [3][-]{subsubsection.1.3.7}{Time}{subsection.1.3}% 14
\BOOKMARK [3][-]{subsubsection.1.3.8}{Conclusions}{subsection.1.3}% 15
\BOOKMARK [2][-]{subsection.1.4}{Results for 2d\137linear\137loop.npz}{section.1}% 16
\BOOKMARK [3][-]{subsubsection.1.4.1}{default}{subsection.1.4}% 17
\BOOKMARK [3][-]{subsubsection.1.4.2}{pinv}{subsection.1.4}% 18
\BOOKMARK [3][-]{subsubsection.1.4.3}{lu}{subsection.1.4}% 19
\BOOKMARK [3][-]{subsubsection.1.4.4}{qr}{subsection.1.4}% 20
\BOOKMARK [3][-]{subsubsection.1.4.5}{lu\137colamd}{subsection.1.4}% 21
\BOOKMARK [3][-]{subsubsection.1.4.6}{qr\137colamd}{subsection.1.4}% 22
\BOOKMARK [3][-]{subsubsection.1.4.7}{Time}{subsection.1.4}% 23
\BOOKMARK [3][-]{subsubsection.1.4.8}{Conclusions}{subsection.1.4}% 24
\BOOKMARK [2][-]{subsection.1.5}{[BONUS] Custom Implementation of Solver}{section.1}% 25
\BOOKMARK [1][-]{section.2}{Non-Linear SLAM}{}% 26
\BOOKMARK [2][-]{subsection.2.1}{Landmark}{section.2}% 27
\BOOKMARK [3][-]{subsubsection.2.1.1}{Jacobian}{subsection.2.1}% 28
\BOOKMARK [2][-]{subsection.2.2}{Results}{section.2}% 29
\BOOKMARK [2][-]{subsection.2.3}{Comparison}{section.2}% 30
